2018-07-22 15:01:16.969  INFO 7588 --- [main] com.example.logdemo.LogdemoApplication   : Starting LogdemoApplication on USER-20170603OO with PID 7588 (D:\HelloSpringDemo1\logdemo\target\classes started by Li in D:\HelloSpringDemo1\HelloSpringDemo1)
2018-07-22 15:01:16.976  INFO 7588 --- [main] com.example.logdemo.LogdemoApplication   : No active profile set, falling back to default profiles: default
2018-07-22 15:01:17.399  INFO 7588 --- [main] ConfigServletWebServerApplicationContext : Refreshing org.springframework.boot.web.servlet.context.AnnotationConfigServletWebServerApplicationContext@1e730495: startup date [Sun Jul 22 15:01:17 CST 2018]; root of context hierarchy
2018-07-22 15:01:19.892  INFO 7588 --- [main] o.s.b.w.embedded.tomcat.TomcatWebServer  : Tomcat initialized with port(s): 1083 (http)
2018-07-22 15:01:19.929  INFO 7588 --- [main] o.apache.catalina.core.StandardService   : Starting service [Tomcat]
2018-07-22 15:01:19.929  INFO 7588 --- [main] org.apache.catalina.core.StandardEngine  : Starting Servlet Engine: Apache Tomcat/8.5.31
2018-07-22 15:01:19.942  INFO 7588 --- [localhost-startStop-1] o.a.catalina.core.AprLifecycleListener   : The APR based Apache Tomcat Native library which allows optimal performance in production environments was not found on the java.library.path: [C:\Program Files\Java\jdk1.8.0_40\bin;C:\Windows\Sun\Java\bin;C:\Windows\system32;C:\Windows;C:\ProgramData\Oracle\Java\javapath;C:\Windows\system32;C:\Windows;C:\Windows\System32\Wbem;C:\Windows\System32\WindowsPowerShell\v1.0\;C:\Program Files\Java\jdk1.8.0_40\bin;D:\sdk\platform-tools;C:\Windows\system32\config\systemprofile\.dnx\bin;C:\Program Files\Microsoft DNX\Dnvm\;C:\Program Files\Microsoft SQL Server\130\Tools\Binn\;C:\Program Files (x86)\Windows Kits\8.1\Windows Performance Toolkit\;C:\Program Files\TortoiseGit\bin;C:\Program Files\Microsoft SQL Server\110\Tools\Binn\;C:\Program Files (x86)\Microsoft SDKs\TypeScript\1.0\;C:\Program Files\Git\cmd;C:\Users\Li\AppData\Local\Programs\Python\Python35;C:\Users\Li\AppData\Local\Programs\Python\Python35\Scripts;%GRADLE_HOME%;\;C:\Program Files (x86)\Yozosoft\Yozo_Office\Lib\xuggler\bin;H:\Software\web\apache-maven-3.5.3\bin;C:\Program Files\nodejs\;C:\ProgramData\chocolatey\bin;C:\Program Files\PuTTY\;C:\Users\Li\AppData\Local\GitHubDesktop\bin;H:\Software\android_develop\gradle-3.3-all\gradle-3.3\bin\;C:\Users\Li\AppData\Roaming\npm;.]
2018-07-22 15:01:20.198  INFO 7588 --- [localhost-startStop-1] o.a.c.c.C.[Tomcat].[localhost].[/]       : Initializing Spring embedded WebApplicationContext
2018-07-22 15:01:20.199  INFO 7588 --- [localhost-startStop-1] o.s.web.context.ContextLoader            : Root WebApplicationContext: initialization completed in 2800 ms
2018-07-22 15:01:20.452  INFO 7588 --- [localhost-startStop-1] o.s.b.w.servlet.ServletRegistrationBean  : Servlet dispatcherServlet mapped to [/]
2018-07-22 15:01:20.459  INFO 7588 --- [localhost-startStop-1] o.s.b.w.servlet.FilterRegistrationBean   : Mapping filter: 'characterEncodingFilter' to: [/*]
2018-07-22 15:01:20.459  INFO 7588 --- [localhost-startStop-1] o.s.b.w.servlet.FilterRegistrationBean   : Mapping filter: 'hiddenHttpMethodFilter' to: [/*]
2018-07-22 15:01:20.460  INFO 7588 --- [localhost-startStop-1] o.s.b.w.servlet.FilterRegistrationBean   : Mapping filter: 'httpPutFormContentFilter' to: [/*]
2018-07-22 15:01:20.460  INFO 7588 --- [localhost-startStop-1] o.s.b.w.servlet.FilterRegistrationBean   : Mapping filter: 'requestContextFilter' to: [/*]
2018-07-22 15:01:20.639  INFO 7588 --- [main] o.s.w.s.handler.SimpleUrlHandlerMapping  : Mapped URL path [/**/favicon.ico] onto handler of type [class org.springframework.web.servlet.resource.ResourceHttpRequestHandler]
2018-07-22 15:01:20.981  INFO 7588 --- [main] s.w.s.m.m.a.RequestMappingHandlerAdapter : Looking for @ControllerAdvice: org.springframework.boot.web.servlet.context.AnnotationConfigServletWebServerApplicationContext@1e730495: startup date [Sun Jul 22 15:01:17 CST 2018]; root of context hierarchy
2018-07-22 15:01:21.124  INFO 7588 --- [main] s.w.s.m.m.a.RequestMappingHandlerMapping : Mapped "{[/*]}" onto public java.lang.String com.example.logdemo.LogdemoApplication.hello()
2018-07-22 15:01:21.133  INFO 7588 --- [main] s.w.s.m.m.a.RequestMappingHandlerMapping : Mapped "{[/error]}" onto public org.springframework.http.ResponseEntity<java.util.Map<java.lang.String, java.lang.Object>> org.springframework.boot.autoconfigure.web.servlet.error.BasicErrorController.error(javax.servlet.http.HttpServletRequest)
2018-07-22 15:01:21.134  INFO 7588 --- [main] s.w.s.m.m.a.RequestMappingHandlerMapping : Mapped "{[/error],produces=[text/html]}" onto public org.springframework.web.servlet.ModelAndView org.springframework.boot.autoconfigure.web.servlet.error.BasicErrorController.errorHtml(javax.servlet.http.HttpServletRequest,javax.servlet.http.HttpServletResponse)
2018-07-22 15:01:21.171  INFO 7588 --- [main] o.s.w.s.handler.SimpleUrlHandlerMapping  : Mapped URL path [/webjars/**] onto handler of type [class org.springframework.web.servlet.resource.ResourceHttpRequestHandler]
2018-07-22 15:01:21.172  INFO 7588 --- [main] o.s.w.s.handler.SimpleUrlHandlerMapping  : Mapped URL path [/**] onto handler of type [class org.springframework.web.servlet.resource.ResourceHttpRequestHandler]
2018-07-22 15:01:21.261  WARN 7588 --- [main] ion$DefaultTemplateResolverConfiguration : Cannot find template location: classpath:/templates/ (please add some templates or check your Thymeleaf configuration)
2018-07-22 15:01:21.507  INFO 7588 --- [main] o.s.j.e.a.AnnotationMBeanExporter        : Registering beans for JMX exposure on startup
2018-07-22 15:01:21.568  INFO 7588 --- [main] o.s.b.w.embedded.tomcat.TomcatWebServer  : Tomcat started on port(s): 1083 (http) with context path ''
2018-07-22 15:01:21.575  INFO 7588 --- [main] com.example.logdemo.LogdemoApplication   : Started LogdemoApplication in 5.566 seconds (JVM running for 6.416)
2018-07-22 15:01:27.868  INFO 7588 --- [http-nio-1083-exec-1] o.a.c.c.C.[Tomcat].[localhost].[/]       : Initializing Spring FrameworkServlet 'dispatcherServlet'
2018-07-22 15:01:27.868  INFO 7588 --- [http-nio-1083-exec-1] o.s.web.servlet.DispatcherServlet        : FrameworkServlet 'dispatcherServlet': initialization started
2018-07-22 15:01:27.892  INFO 7588 --- [http-nio-1083-exec-1] o.s.web.servlet.DispatcherServlet        : FrameworkServlet 'dispatcherServlet': initialization completed in 23 ms
2018-07-22 15:01:27.926  INFO 7588 --- [http-nio-1083-exec-1]                                          : hello 2 .................. 
